<?xml version="1.0" encoding="UTF-8"?>
<testsuite xmlns:xsi="http://www.w3.org/2001/XMLSchema-instance" xsi:noNamespaceSchemaLocation="https://maven.apache.org/surefire/maven-surefire-plugin/xsd/surefire-test-report-3.0.xsd" version="3.0" name="com.ezlearning.platform.PlatformApplicationTests" time="6.402" tests="1" errors="0" skipped="0" failures="0">
  <properties>
[...]
</properties>
  <testcase name="contextLoads" classname="com.ezlearning.platform.PlatformApplicationTests" time="0.517">
    <system-out><![CDATA[07:02:30.603 [main] INFO org.springframework.test.context.support.AnnotationConfigContextLoaderUtils -- Could not detect default configuration classes for test class [com.ezlearning.platform.PlatformApplicationTests]: PlatformApplicationTests does not declare any static, non-private, non-final, nested classes annotated with @Configuration.
07:02:30.750 [main] INFO org.springframework.boot.test.context.SpringBootTestContextBootstrapper -- Found @SpringBootConfiguration com.ezlearning.platform.PlatformApplication for test class com.ezlearning.platform.PlatformApplicationTests
07:02:30.904 [main] INFO org.springframework.boot.devtools.restart.RestartApplicationListener -- Restart disabled due to context in which it is running

  .   ____          _            __ _ _
 /\\ / ___'_ __ _ _(_)_ __  __ _ \ \ \ \
( ( )\___ | '_ | '_| | '_ \/ _` | \ \ \ \
 \\/  ___)| |_)| | | | | || (_| |  ) ) ) )
  '  |____| .__|_| |_|_| |_\__, | / / / /
 =========|_|==============|___/=/_/_/_/

 :: Spring Boot ::                (v3.3.5)

2025-12-01T07:02:31.143Z  INFO 75557 --- [           main] c.e.platform.PlatformApplicationTests    : Starting PlatformApplicationTests using Java 17.0.16 with PID 75557 (started by kavia in /home/kavia/workspace/code-generation/ez-learning-migration-283845)
2025-12-01T07:02:31.144Z  INFO 75557 --- [           main] c.e.platform.PlatformApplicationTests    : The following 1 profile is active: "dev"
2025-12-01T07:02:31.883Z  INFO 75557 --- [           main] .s.d.r.c.RepositoryConfigurationDelegate : Bootstrapping Spring Data JPA repositories in DEFAULT mode.
2025-12-01T07:02:31.957Z  INFO 75557 --- [           main] .s.d.r.c.RepositoryConfigurationDelegate : Finished Spring Data repository scanning in 64 ms. Found 5 JPA repository interfaces.
2025-12-01T07:02:32.708Z  INFO 75557 --- [           main] com.zaxxer.hikari.HikariDataSource       : HikariPool-1 - Starting...
2025-12-01T07:02:32.945Z  INFO 75557 --- [           main] com.zaxxer.hikari.pool.HikariPool        : HikariPool-1 - Added connection conn0: url=jdbc:h2:mem:testdb user=ADMIN
2025-12-01T07:02:32.947Z  INFO 75557 --- [           main] com.zaxxer.hikari.HikariDataSource       : HikariPool-1 - Start completed.
2025-12-01T07:02:33.009Z  INFO 75557 --- [           main] org.flywaydb.core.FlywayExecutor         : Database: jdbc:h2:mem:testdb (H2 2.2)
2025-12-01T07:02:33.022Z  WARN 75557 --- [           main] o.f.c.internal.database.base.Database    : Flyway upgrade recommended: H2 2.2.224 is newer than this version of Flyway and support has not been tested. The latest supported version of H2 is 2.2.220.
2025-12-01T07:02:33.050Z  INFO 75557 --- [           main] o.f.c.i.s.JdbcTableSchemaHistory         : Schema history table "PUBLIC"."flyway_schema_history" does not exist yet
2025-12-01T07:02:33.054Z  INFO 75557 --- [           main] o.f.core.internal.command.DbValidate     : Successfully validated 2 migrations (execution time 00:00.019s)
2025-12-01T07:02:33.063Z  INFO 75557 --- [           main] o.f.c.i.s.JdbcTableSchemaHistory         : Creating Schema History table "PUBLIC"."flyway_schema_history" ...
2025-12-01T07:02:33.156Z  INFO 75557 --- [           main] o.f.core.internal.command.DbMigrate      : Current version of schema "PUBLIC": << Empty Schema >>
2025-12-01T07:02:33.172Z  INFO 75557 --- [           main] o.f.core.internal.command.DbMigrate      : Migrating schema "PUBLIC" to version "1.1 - schema"
2025-12-01T07:02:33.272Z  INFO 75557 --- [           main] o.f.core.internal.command.DbMigrate      : Migrating schema "PUBLIC" to version "1.2 - data"
2025-12-01T07:02:33.338Z  INFO 75557 --- [           main] o.f.core.internal.command.DbMigrate      : Successfully applied 2 migrations to schema "PUBLIC", now at version v1.2 (execution time 00:00.088s)
2025-12-01T07:02:33.525Z  INFO 75557 --- [           main] o.hibernate.jpa.internal.util.LogHelper  : HHH000204: Processing PersistenceUnitInfo [name: default]
2025-12-01T07:02:33.641Z  INFO 75557 --- [           main] org.hibernate.Version                    : HHH000412: Hibernate ORM core version 6.5.3.Final
2025-12-01T07:02:33.718Z  INFO 75557 --- [           main] o.h.c.internal.RegionFactoryInitiator    : HHH000026: Second-level cache disabled
2025-12-01T07:02:34.115Z  INFO 75557 --- [           main] o.s.o.j.p.SpringPersistenceUnitInfo      : No LoadTimeWeaver setup: ignoring JPA class transformer
2025-12-01T07:02:34.169Z  WARN 75557 --- [           main] org.hibernate.orm.deprecation            : HHH90000025: H2Dialect does not need to be specified explicitly using 'hibernate.dialect' (remove the property setting and it will be selected by default)
2025-12-01T07:02:34.944Z  INFO 75557 --- [           main] o.h.e.t.j.p.i.JtaPlatformInitiator       : HHH000489: No JTA platform available (set 'hibernate.transaction.jta.platform' to enable JTA platform integration)
2025-12-01T07:02:34.947Z  INFO 75557 --- [           main] j.LocalContainerEntityManagerFactoryBean : Initialized JPA EntityManagerFactory for persistence unit 'default'
2025-12-01T07:02:35.480Z  WARN 75557 --- [           main] JpaBaseConfiguration$JpaWebConfiguration : spring.jpa.open-in-view is enabled by default. Therefore, database queries may be performed during view rendering. Explicitly configure spring.jpa.open-in-view to disable this warning
2025-12-01T07:02:35.522Z  INFO 75557 --- [           main] eAuthenticationProviderManagerConfigurer : Global AuthenticationManager configured with AuthenticationProvider bean with name authenticationProvider
2025-12-01T07:02:35.523Z  WARN 75557 --- [           main] r$InitializeUserDetailsManagerConfigurer : Global AuthenticationManager configured with an AuthenticationProvider bean. UserDetailsService beans will not be used for username/password login. Consider removing the AuthenticationProvider bean. Alternatively, consider using the UserDetailsService in a manually instantiated DaoAuthenticationProvider.
2025-12-01T07:02:35.585Z  INFO 75557 --- [           main] o.s.b.a.w.s.WelcomePageHandlerMapping    : Adding welcome page template: index
2025-12-01T07:02:36.249Z  INFO 75557 --- [           main] o.s.b.a.h2.H2ConsoleAutoConfiguration    : H2 console available at '/h2-console'. Database available at 'jdbc:h2:mem:testdb'
2025-12-01T07:02:36.316Z  INFO 75557 --- [           main] c.e.platform.PlatformApplicationTests    : Started PlatformApplicationTests in 5.421 seconds (process running for 6.458)
]]></system-out>
  </testcase>
</testsuite>